myUtil/build/outputs/logs/manifest-merger-release-report.txt
-- Merging decision tree log ---
manifest
ADDED from src\main\AndroidManifest.xml:2:1-137:12
	package
		ADDED from src\main\AndroidManifest.xml:3:5-35
		INJECTED from src\main\AndroidManifest.xml
		INJECTED from src\main\AndroidManifest.xml
	android:versionName
		INJECTED from src\main\AndroidManifest.xml
		INJECTED from src\main\AndroidManifest.xml
	xmlns:android
		ADDED from src\main\AndroidManifest.xml:2:11-69
	android:versionCode
		INJECTED from src\main\AndroidManifest.xml
		INJECTED from src\main\AndroidManifest.xml
uses-permission#android.permission.WRITE_EXTERNAL_STORAGE
ADDED from src\main\AndroidManifest.xml:4:5-81
	android:name
		ADDED from src\main\AndroidManifest.xml:4:22-78
uses-permission#android.permission.VIBRATE
ADDED from src\main\AndroidManifest.xml:5:5-66
	android:name
		ADDED from src\main\AndroidManifest.xml:5:22-63
uses-permission#android.permission.INTERNET
ADDED from src\main\AndroidManifest.xml:6:5-67
	android:name
		ADDED from src\main\AndroidManifest.xml:6:22-64
uses-permission#android.permission.CALL_PHONE
ADDED from src\main\AndroidManifest.xml:8:5-69
	android:name
		ADDED from src\main\AndroidManifest.xml:8:22-66
uses-permission#android.permission.ACCESS_NETWORK_STATE
ADDED from src\main\AndroidManifest.xml:10:5-79
	android:name
		ADDED from src\main\AndroidManifest.xml:10:22-76
uses-permission#android.permission.ACCESS_WIFI_STATE
ADDED from src\main\AndroidManifest.xml:11:5-76
	android:name
		ADDED from src\main\AndroidManifest.xml:11:22-73
uses-permission#android.permission.READ_PHONE_STATE
ADDED from src\main\AndroidManifest.xml:12:5-75
	android:name
		ADDED from src\main\AndroidManifest.xml:12:22-72
uses-permission#android.permission.ACCESS_COARSE_LOCATION
ADDED from src\main\AndroidManifest.xml:13:5-81
	android:name
		ADDED from src\main\AndroidManifest.xml:13:22-78
uses-permission#android.permission.ACCESS_FINE_LOCATION
ADDED from src\main\AndroidManifest.xml:14:5-79
	android:name
		ADDED from src\main\AndroidManifest.xml:14:22-76
uses-permission#android.permission.READ_EXTERNAL_STORAGE
ADDED from src\main\AndroidManifest.xml:15:5-80
	android:name
		ADDED from src\main\AndroidManifest.xml:15:22-77
uses-permission#android.permission.CAMERA
ADDED from src\main\AndroidManifest.xml:17:5-64
	android:name
		ADDED from src\main\AndroidManifest.xml:17:22-62
uses-permission#android.permission.REQUEST_INSTALL_PACKAGES
ADDED from src\main\AndroidManifest.xml:18:5-82
	android:name
		ADDED from src\main\AndroidManifest.xml:18:22-80
application
ADDED from src\main\AndroidManifest.xml:20:5-135:19
MERGED from [com.android.support:design:26.1.0] AndroidManifest.xml:25:5-29:19
MERGED from [com.android.support:recyclerview-v7:26.1.0] AndroidManifest.xml:22:5-26:19
MERGED from [com.android.support:transition:26.1.0] AndroidManifest.xml:22:5-26:19
MERGED from [com.android.support:support-v4:26.1.0] AndroidManifest.xml:25:5-29:19
MERGED from [com.android.support:support-media-compat:26.1.0] AndroidManifest.xml:25:5-29:19
MERGED from [com.android.support:cardview-v7:26.1.0] AndroidManifest.xml:22:5-26:19
MERGED from [com.android.support.constraint:constraint-layout:1.0.0-beta5] AndroidManifest.xml:9:5-20
MERGED from [com.scwang.smartrefresh:SmartRefreshLayout:1.0.5] AndroidManifest.xml:11:5-15:19
MERGED from [com.scwang.smartrefresh:SmartRefreshHeader:1.0.5] AndroidManifest.xml:11:5-15:19
MERGED from [com.ashokvarma.android:bottom-navigation-bar:2.0.4] AndroidManifest.xml:11:5-47
MERGED from [com.just.agentweb:download:4.0.2] AndroidManifest.xml:11:5-13:19
MERGED from [com.just.agentweb:agentweb:4.0.2] AndroidManifest.xml:11:5-30:19
MERGED from [LwbUtils-master:multi-image-selector:unspecified] AndroidManifest.xml:11:5-14:19
	android:label
		ADDED from src\main\AndroidManifest.xml:24:9-40
	android:supportsRtl
		ADDED from src\main\AndroidManifest.xml:25:9-35
	android:allowBackup
		ADDED from src\main\AndroidManifest.xml:22:9-35
	android:icon
		ADDED from src\main\AndroidManifest.xml:23:9-43
	android:theme
		ADDED from src\main\AndroidManifest.xml:26:9-40
	android:name
		ADDED from src\main\AndroidManifest.xml:21:9-45
activity#demo.lwb.com.myutils.mvp.demo.DemoActivity
ADDED from src\main\AndroidManifest.xml:28:9-32:72
	android:screenOrientation
		ADDED from src\main\AndroidManifest.xml:31:13-49
	android:launchMode
		ADDED from src\main\AndroidManifest.xml:30:13-42
	android:windowSoftInputMode
		ADDED from src\main\AndroidManifest.xml:32:13-60
	android:name
		ADDED from src\main\AndroidManifest.xml:29:13-50
activity#demo.lwb.com.myutils.mvp.demo.PublicFragmentActivity
ADDED from src\main\AndroidManifest.xml:33:9-40:47
	android:screenOrientation
		ADDED from src\main\AndroidManifest.xml:38:13-49
	android:label
		ADDED from src\main\AndroidManifest.xml:36:13-51
	android:hardwareAccelerated
		ADDED from src\main\AndroidManifest.xml:39:13-47
	android:launchMode
		ADDED from src\main\AndroidManifest.xml:37:13-44
	android:configChanges
		ADDED from src\main\AndroidManifest.xml:35:13-74
	android:theme
		ADDED from src\main\AndroidManifest.xml:40:13-44
	android:name
		ADDED from src\main\AndroidManifest.xml:34:13-60
activity#demo.lwb.com.myutils.mvp.demo.SplashActivity
ADDED from src\main\AndroidManifest.xml:42:9-50:20
	android:screenOrientation
		ADDED from src\main\AndroidManifest.xml:45:13-49
	android:launchMode
		ADDED from src\main\AndroidManifest.xml:44:13-42
	android:name
		ADDED from src\main\AndroidManifest.xml:43:13-52
intent-filter#android.intent.action.MAIN+android.intent.category.LAUNCHER
ADDED from src\main\AndroidManifest.xml:46:13-49:29
action#android.intent.action.MAIN
ADDED from src\main\AndroidManifest.xml:47:17-69
	android:name
		ADDED from src\main\AndroidManifest.xml:47:25-66
category#android.intent.category.LAUNCHER
ADDED from src\main\AndroidManifest.xml:48:17-77
	android:name
		ADDED from src\main\AndroidManifest.xml:48:27-74
service#demo.lwb.com.myutils.service.SocketService
ADDED from src\main\AndroidManifest.xml:52:9-58
	android:name
		ADDED from src\main\AndroidManifest.xml:52:18-55
service#demo.lwb.com.myutils.service.MessengerService
ADDED from src\main\AndroidManifest.xml:53:9-55:41
	android:process
		ADDED from src\main\AndroidManifest.xml:55:13-38
	android:name
		ADDED from src\main\AndroidManifest.xml:54:13-53
service#demo.lwb.com.myutils.service.BookManagerService
ADDED from src\main\AndroidManifest.xml:56:9-58:41
	android:process
		ADDED from src\main\AndroidManifest.xml:58:13-38
	android:name
		ADDED from src\main\AndroidManifest.xml:57:13-55
provider#android.support.v4.content.FileProvider
ADDED from src\main\AndroidManifest.xml:60:9-68:20
	android:authorities
		ADDED from src\main\AndroidManifest.xml:62:13-68
	android:grantUriPermissions
		ADDED from src\main\AndroidManifest.xml:64:13-47
	android:exported
		ADDED from src\main\AndroidManifest.xml:63:13-37
	android:name
		ADDED from src\main\AndroidManifest.xml:61:13-67
meta-data#android.support.FILE_PROVIDER_PATHS
ADDED from src\main\AndroidManifest.xml:65:13-67:53
	android:resource
		ADDED from src\main\AndroidManifest.xml:67:17-50
	android:name
		ADDED from src\main\AndroidManifest.xml:66:17-67
meta-data#UMENG_APPKEY
ADDED from src\main\AndroidManifest.xml:70:9-72:56
	android:value
		ADDED from src\main\AndroidManifest.xml:72:13-53
	android:name
		ADDED from src\main\AndroidManifest.xml:71:13-40
meta-data#UMENG_CHANNEL
ADDED from src\main\AndroidManifest.xml:73:9-75:54
	android:value
		ADDED from src\main\AndroidManifest.xml:75:13-51
		INJECTED from src\main\AndroidManifest.xml
	android:name
		ADDED from src\main\AndroidManifest.xml:74:13-41
service#demo.lwb.com.myutils.service.FileDownService
ADDED from src\main\AndroidManifest.xml:77:9-80:39
	android:enabled
		ADDED from src\main\AndroidManifest.xml:79:13-35
	android:exported
		ADDED from src\main\AndroidManifest.xml:80:13-36
	android:name
		ADDED from src\main\AndroidManifest.xml:78:13-52
activity#com.qq.e.ads.ADActivity
ADDED from src\main\AndroidManifest.xml:84:9-131
	android:configChanges
		ADDED from src\main\AndroidManifest.xml:84:58-128
	android:name
		ADDED from src\main\AndroidManifest.xml:84:19-57
meta-data#com.tencent.rdm.uuid
ADDED from src\main\AndroidManifest.xml:85:9-87:68
	android:value
		ADDED from src\main\AndroidManifest.xml:87:13-65
	android:name
		ADDED from src\main\AndroidManifest.xml:86:13-48
service#com.qq.e.comm.DownloadService
ADDED from src\main\AndroidManifest.xml:90:9-92:40
	android:exported
		ADDED from src\main\AndroidManifest.xml:92:13-37
	android:name
		ADDED from src\main\AndroidManifest.xml:91:13-57
activity#demo.lwb.com.myutils.viewpageindicator.ScrollableTabExampleActivity
ADDED from src\main\AndroidManifest.xml:98:9-100:54
	android:label
		ADDED from src\main\AndroidManifest.xml:100:13-51
	android:name
		ADDED from src\main\AndroidManifest.xml:99:13-75
activity#demo.lwb.com.myutils.viewpageindicator.FixedTabExampleActivity
ADDED from src\main\AndroidManifest.xml:102:9-104:49
	android:label
		ADDED from src\main\AndroidManifest.xml:104:13-46
	android:name
		ADDED from src\main\AndroidManifest.xml:103:13-70
activity#demo.lwb.com.myutils.viewpageindicator.DynamicTabExampleActivity
ADDED from src\main\AndroidManifest.xml:106:9-108:51
	android:label
		ADDED from src\main\AndroidManifest.xml:108:13-48
	android:name
		ADDED from src\main\AndroidManifest.xml:107:13-72
activity#demo.lwb.com.myutils.viewpageindicator.NoTabOnlyIndicatorExampleActivity
ADDED from src\main\AndroidManifest.xml:110:9-112:61
	android:label
		ADDED from src\main\AndroidManifest.xml:112:13-58
	android:name
		ADDED from src\main\AndroidManifest.xml:111:13-80
activity#demo.lwb.com.myutils.viewpageindicator.FragmentContainerExampleActivity
ADDED from src\main\AndroidManifest.xml:114:9-116:68
	android:label
		ADDED from src\main\AndroidManifest.xml:116:13-65
	android:name
		ADDED from src\main\AndroidManifest.xml:115:13-79
activity#demo.lwb.com.myutils.viewpageindicator.BadgeTabExampleActivity
ADDED from src\main\AndroidManifest.xml:118:9-120:59
	android:label
		ADDED from src\main\AndroidManifest.xml:120:13-56
	android:name
		ADDED from src\main\AndroidManifest.xml:119:13-70
activity#demo.lwb.com.myutils.viewpageindicator.CustomNavigatorExampleActivity
ADDED from src\main\AndroidManifest.xml:122:9-124:56
	android:label
		ADDED from src\main\AndroidManifest.xml:124:13-53
	android:name
		ADDED from src\main\AndroidManifest.xml:123:13-77
activity#demo.lwb.com.myutils.viewpageindicator.LoadCustomLayoutExampleActivity
ADDED from src\main\AndroidManifest.xml:126:9-128:62
	android:label
		ADDED from src\main\AndroidManifest.xml:128:13-59
	android:name
		ADDED from src\main\AndroidManifest.xml:127:13-78
activity#com.yalantis.ucrop.UCropActivity
ADDED from src\main\AndroidManifest.xml:131:9-134:71
	android:screenOrientation
		ADDED from src\main\AndroidManifest.xml:133:13-49
	android:theme
		ADDED from src\main\AndroidManifest.xml:134:13-69
	android:name
		ADDED from src\main\AndroidManifest.xml:132:13-60
uses-sdk
INJECTED from src\main\AndroidManifest.xml reason: use-sdk injection requested
MERGED from [com.android.support:multidex:1.0.1] AndroidManifest.xml:18:5-42
MERGED from [com.android.support:design:26.1.0] AndroidManifest.xml:21:5-23:62
MERGED from [com.android.support:recyclerview-v7:26.1.0] AndroidManifest.xml:20:5-44
MERGED from [com.android.support:transition:26.1.0] AndroidManifest.xml:20:5-44
MERGED from [com.android.support:support-v4:26.1.0] AndroidManifest.xml:21:5-23:54
MERGED from [com.android.support:support-media-compat:26.1.0] AndroidManifest.xml:21:5-23:63
MERGED from [com.android.support:cardview-v7:26.1.0] AndroidManifest.xml:20:5-44
MERGED from [com.android.support.constraint:constraint-layout:1.0.0-beta5] AndroidManifest.xml:5:5-7:41
MERGED from [com.jakewharton:butterknife:8.8.1] AndroidManifest.xml:5:5-43
MERGED from [com.scwang.smartrefresh:SmartRefreshLayout:1.0.5] AndroidManifest.xml:7:5-9:41
MERGED from [com.scwang.smartrefresh:SmartRefreshHeader:1.0.5] AndroidManifest.xml:7:5-9:41
MERGED from [com.ashokvarma.android:bottom-navigation-bar:2.0.4] AndroidManifest.xml:7:5-9:41
MERGED from [LwbUtils-master:magicindicator:unspecified] AndroidManifest.xml:8:5-10:41
MERGED from [com.just.agentweb:download:4.0.2] AndroidManifest.xml:7:5-9:41
MERGED from [com.just.agentweb:filechooser:4.0.2] AndroidManifest.xml:7:5-9:41
MERGED from [com.just.agentweb:agentweb:4.0.2] AndroidManifest.xml:7:5-9:41
MERGED from [com.trello.rxlifecycle2:rxlifecycle-components:2.1.0] AndroidManifest.xml:17:5-44
MERGED from [com.trello.rxlifecycle2:rxlifecycle-android:2.1.0] AndroidManifest.xml:17:5-44
MERGED from [io.reactivex.rxjava2:rxandroid:2.0.1] AndroidManifest.xml:19:5-43
MERGED from [LwbUtils-master:multi-image-selector:unspecified] AndroidManifest.xml:7:5-9:41
MERGED from [com.github.yalantis:ucrop:2.2.2-native] AndroidManifest.xml:7:5-9:41
MERGED from [com.android.support:appcompat-v7:27.1.0] AndroidManifest.xml:20:5-44
MERGED from [com.android.support:support-fragment:27.1.0] AndroidManifest.xml:20:5-44
MERGED from [android.arch.lifecycle:livedata-core:1.1.0] AndroidManifest.xml:20:5-44
MERGED from [android.arch.core:runtime:1.1.0] AndroidManifest.xml:20:5-44
MERGED from [android.arch.lifecycle:viewmodel:1.1.0] AndroidManifest.xml:20:5-44
MERGED from [com.android.support:animated-vector-drawable:27.1.0] AndroidManifest.xml:20:5-44
MERGED from [com.android.support:support-vector-drawable:27.1.0] AndroidManifest.xml:20:5-44
MERGED from [com.android.support:support-core-ui:27.1.0] AndroidManifest.xml:20:5-44
MERGED from [com.android.support:support-core-utils:27.1.0] AndroidManifest.xml:20:5-44
MERGED from [com.android.support:support-compat:27.1.0] AndroidManifest.xml:20:5-44
MERGED from [android.arch.lifecycle:runtime:1.1.0] AndroidManifest.xml:20:5-44
	tools:overrideLibrary
		ADDED from [com.android.support:design:26.1.0] AndroidManifest.xml:23:9-59
	android:targetSdkVersion
		INJECTED from src\main\AndroidManifest.xml
		INJECTED from src\main\AndroidManifest.xml
	android:minSdkVersion
		INJECTED from src\main\AndroidManifest.xml
		INJECTED from src\main\AndroidManifest.xml
meta-data#android.support.VERSION
ADDED from [com.android.support:design:26.1.0] AndroidManifest.xml:26:9-28:38
MERGED from [com.android.support:recyclerview-v7:26.1.0] AndroidManifest.xml:23:9-25:38
MERGED from [com.android.support:transition:26.1.0] AndroidManifest.xml:23:9-25:38
MERGED from [com.android.support:support-v4:26.1.0] AndroidManifest.xml:26:9-28:38
MERGED from [com.android.support:support-media-compat:26.1.0] AndroidManifest.xml:26:9-28:38
MERGED from [com.android.support:cardview-v7:26.1.0] AndroidManifest.xml:23:9-25:38
	android:value
		ADDED from [com.android.support:design:26.1.0] AndroidManifest.xml:28:13-35
	android:name
		ADDED from [com.android.support:design:26.1.0] AndroidManifest.xml:27:13-51
receiver#com.just.agentweb.download.NotificationCancelReceiver
ADDED from [com.just.agentweb:download:4.0.2] AndroidManifest.xml:12:9-90
	android:name
		ADDED from [com.just.agentweb:download:4.0.2] AndroidManifest.xml:12:19-87
provider#com.just.agentweb.AgentWebFileProvider
ADDED from [com.just.agentweb:agentweb:4.0.2] AndroidManifest.xml:12:9-20:20
	android:authorities
		ADDED from [com.just.agentweb:agentweb:4.0.2] AndroidManifest.xml:14:13-72
	android:grantUriPermissions
		ADDED from [com.just.agentweb:agentweb:4.0.2] AndroidManifest.xml:16:13-47
	android:exported
		ADDED from [com.just.agentweb:agentweb:4.0.2] AndroidManifest.xml:15:13-37
	android:name
		ADDED from [com.just.agentweb:agentweb:4.0.2] AndroidManifest.xml:13:13-66
activity#com.just.agentweb.ActionActivity
ADDED from [com.just.agentweb:agentweb:4.0.2] AndroidManifest.xml:22:9-29:20
	android:launchMode
		ADDED from [com.just.agentweb:agentweb:4.0.2] AndroidManifest.xml:26:13-42
	android:exported
		ADDED from [com.just.agentweb:agentweb:4.0.2] AndroidManifest.xml:25:13-37
	android:windowSoftInputMode
		ADDED from [com.just.agentweb:agentweb:4.0.2] AndroidManifest.xml:28:13-72
	android:configChanges
		ADDED from [com.just.agentweb:agentweb:4.0.2] AndroidManifest.xml:24:13-74
	android:theme
		ADDED from [com.just.agentweb:agentweb:4.0.2] AndroidManifest.xml:27:13-50
	android:name
		ADDED from [com.just.agentweb:agentweb:4.0.2] AndroidManifest.xml:23:13-60
activity#me.nereo.multi_image_selector.PreviewPicturesActivity
ADDED from [LwbUtils-master:multi-image-selector:unspecified] AndroidManifest.xml:12:9-90
	android:name
		ADDED from [LwbUtils-master:multi-image-selector:unspecified] AndroidManifest.xml:12:19-87
activity#me.nereo.multi_image_selector.MultiImageSelectorActivity
ADDED from [LwbUtils-master:multi-image-selector:unspecified] AndroidManifest.xml:13:9-93
	android:name
		ADDED from [LwbUtils-master:multi-image-selector:unspecified] AndroidManifest.xml:13:19-90